Executing: MiniAVC - 1.0.3.1
Assembly: F:\SteamLibrary\steamapps\common\Kerbal Space Program\GameData\KAS\Plugins\MiniAVC.dll

[Log 14:05:40.0712583]: Starter was created.
Executing: MiniAVC - 1.0.3.0
Assembly: F:\SteamLibrary\steamapps\common\Kerbal Space Program\GameData\KIS\Plugins\MiniAVC.dll

[Log 14:05:40.0797660]: Starter was created.
[Exception 14:05:42.2774322]: System.IO.IOException: Sharing violation on path F:\SteamLibrary\steamapps\common\Kerbal Space Program\GameData\KAS\Plugins\MiniAVC.xml
  at System.IO.FileStream..ctor (System.String path, FileMode mode, FileAccess access, FileShare share, Int32 bufferSize, Boolean anonymous, FileOptions options) [0x00000] in <filename unknown>:0 
  at System.IO.FileStream..ctor (System.String path, FileMode mode) [0x00000] in <filename unknown>:0 
  at MiniAVC.AddonSettings.Load (System.String rootPath) [0x00000] in <filename unknown>:0 
  at MiniAVC.AddonLibrary.ProcessAddonPopulation (System.Object state) [0x00000] in <filename unknown>:0 

[Log 14:05:42.4924334]: Identical remote version found: Using remote version information only.
[Log 14:05:42.4929195]: https://raw.githubusercontent.com/ihsoft/KIS/master/KIS.version
	NAME: Kerbal Inventory System
	URL: https://raw.githubusercontent.com/ihsoft/KIS/master/KIS.version
	DOWNLOAD: http://forum.kerbalspaceprogram.com/index.php?/topic/149848-12-kerbal-inventory-system-kis-v131/
	GITHUB: NULL
	VERSION: 1.10.6640.40620
	KSP_VERSION: 1.4
	KSP_VERSION_MIN: 1.4
	KSP_VERSION_MAX: 1.4.99
	CompatibleKspVersion: False
	CompatibleKspVersionMin: True
	CompatibleKspVersionMax: True
	CompatibleGitHubVersion: True

[Log 14:05:43.2029200]: Identical remote version found: Using remote version information only.
[Log 14:05:43.2029200]: https://raw.githubusercontent.com/ihsoft/KAS/master/kas.version
	NAME: Kerbal Attachment System
	URL: https://raw.githubusercontent.com/ihsoft/KAS/master/kas.version
	DOWNLOAD: http://forum.kerbalspaceprogram.com/threads/92514
	GITHUB: ihsoft/KAS
		LatestRelease: 0.6.4
		AllowPreRelease: False
	VERSION: 0.6.4
	KSP_VERSION: 1.4
	KSP_VERSION_MIN: 1.4
	KSP_VERSION_MAX: 1.4.99
	CompatibleKspVersion: False
	CompatibleKspVersionMin: True
	CompatibleKspVersionMax: True
	CompatibleGitHubVersion: True

[Log 14:05:43.2374452]: Starter was destroyed.
[Log 14:06:26.9052102]: Starter was destroyed.
