[LOG 13:03:46.842] ******* Log Initiated for Kerbal Space Program - 1.4.1.2089 (WindowsPlayer x64) en-us *******
Kerbal Space Program - 1.4.1.2089 (WindowsPlayer x64) en-us


OS: Windows 10  (10.0.0) 64bit
CPU: Intel(R) Core(TM) i7-4790 CPU @ 3.60GHz (8)
RAM: 12236
GPU: NVIDIA GeForce GTX 750 Ti (2017MB)
SM: 30 (Direct3D 9.0c [nvldumdx.dll 23.21.13.8871])
RT Formats: ARGB32, Depth, ARGBHalf, Shadowmap, RGB565, Default, ARGB2101010, DefaultHDR, ARGB64, ARGBFloat, RGFloat, RGHalf, RFloat, RHalf, R8, RG32


Log started: Thu, Mar 15, 2018 13:03:46


[LOG 13:03:46.989] AppCanvas MASK: 3458764513820540928
[LOG 13:03:46.999] MainCanvas MASK: 3458764513820540928
[LOG 13:03:47.002] PhysicsGlobals: Loading database
[WRN 13:03:47.017] [SpaceNavigatorWindows]: Could not initialize device.

[LOG 13:03:47.019] ActionCanvas MASK: 3458764513820540928
[WRN 13:03:47.632] Cannot create config from file 'F:\SteamLibrary\steamapps\common\Kerbal Space Program\GameData\TweakScale\Examples.cfg'.
[LOG 13:03:47.719] Load(Assembly): /ModuleManager.3.0.6
[LOG 13:03:47.720] AssemblyLoader: Loading assembly at F:\SteamLibrary\steamapps\common\Kerbal Space Program\GameData\ModuleManager.3.0.6.dll
[LOG 13:03:47.747] AssemblyLoader: KSPAssembly 'ModuleManager' V2.5
[LOG 13:03:47.747] Load(Assembly): CommunityCategoryKit/CCK
[LOG 13:03:47.747] AssemblyLoader: Loading assembly at F:\SteamLibrary\steamapps\common\Kerbal Space Program\GameData\CommunityCategoryKit\CCK.dll
[LOG 13:03:47.748] Load(Assembly): HyperEdit/HyperEdit
[LOG 13:03:47.748] AssemblyLoader: Loading assembly at F:\SteamLibrary\steamapps\common\Kerbal Space Program\GameData\HyperEdit\HyperEdit.dll
[LOG 13:03:47.749] Load(Assembly): KAS/Plugins/KAS
[LOG 13:03:47.749] AssemblyLoader: Loading assembly at F:\SteamLibrary\steamapps\common\Kerbal Space Program\GameData\KAS\Plugins\KAS.dll
[LOG 13:03:47.750] AssemblyLoader: KSPAssembly 'KAS' V0.6
[LOG 13:03:47.750] Load(Assembly): KAS/Plugins/MiniAVC
[LOG 13:03:47.750] AssemblyLoader: Loading assembly at F:\SteamLibrary\steamapps\common\Kerbal Space Program\GameData\KAS\Plugins\MiniAVC.dll
[LOG 13:03:47.750] Load(Assembly): KIS/Plugins/KIS
[LOG 13:03:47.750] AssemblyLoader: Loading assembly at F:\SteamLibrary\steamapps\common\Kerbal Space Program\GameData\KIS\Plugins\KIS.dll
[LOG 13:03:47.752] AssemblyLoader: KSPAssembly 'KIS' V1.10
[LOG 13:03:47.752] Load(Assembly): KIS/Plugins/KSPDev_Utils.0.31
[LOG 13:03:47.752] AssemblyLoader: Loading assembly at F:\SteamLibrary\steamapps\common\Kerbal Space Program\GameData\KIS\Plugins\KSPDev_Utils.0.31.dll
[LOG 13:03:47.753] Load(Assembly): KIS/Plugins/MiniAVC
[LOG 13:03:47.753] AssemblyLoader: Loading assembly at F:\SteamLibrary\steamapps\common\Kerbal Space Program\GameData\KIS\Plugins\MiniAVC.dll
[LOG 13:03:47.754] Load(Assembly): LunaMultiPlayer/Plugins/DotNetZip
[LOG 13:03:47.754] AssemblyLoader: Loading assembly at F:\SteamLibrary\steamapps\common\Kerbal Space Program\GameData\LunaMultiPlayer\Plugins\DotNetZip.dll
[LOG 13:03:47.767] Load(Assembly): LunaMultiPlayer/Plugins/FastMember
[LOG 13:03:47.767] AssemblyLoader: Loading assembly at F:\SteamLibrary\steamapps\common\Kerbal Space Program\GameData\LunaMultiPlayer\Plugins\FastMember.dll
[LOG 13:03:47.768] Load(Assembly): LunaMultiPlayer/Plugins/JsonFx
[LOG 13:03:47.768] AssemblyLoader: Loading assembly at F:\SteamLibrary\steamapps\common\Kerbal Space Program\GameData\LunaMultiPlayer\Plugins\JsonFx.dll
[LOG 13:03:47.769] Load(Assembly): LunaMultiPlayer/Plugins/Lidgren.Network
[LOG 13:03:47.769] AssemblyLoader: Loading assembly at F:\SteamLibrary\steamapps\common\Kerbal Space Program\GameData\LunaMultiPlayer\Plugins\Lidgren.Network.dll
[LOG 13:03:47.769] Load(Assembly): LunaMultiPlayer/Plugins/LmpGlobal
[LOG 13:03:47.769] AssemblyLoader: Loading assembly at F:\SteamLibrary\steamapps\common\Kerbal Space Program\GameData\LunaMultiPlayer\Plugins\LmpGlobal.dll
[LOG 13:03:47.770] Load(Assembly): LunaMultiPlayer/Plugins/LunaClient
[LOG 13:03:47.770] AssemblyLoader: Loading assembly at F:\SteamLibrary\steamapps\common\Kerbal Space Program\GameData\LunaMultiPlayer\Plugins\LunaClient.dll
[LOG 13:03:47.771] Load(Assembly): LunaMultiPlayer/Plugins/LunaCommon
[LOG 13:03:47.771] AssemblyLoader: Loading assembly at F:\SteamLibrary\steamapps\common\Kerbal Space Program\GameData\LunaMultiPlayer\Plugins\LunaCommon.dll
[LOG 13:03:47.772] Load(Assembly): LunaMultiPlayer/Plugins/LunaUpdater
[LOG 13:03:47.772] AssemblyLoader: Loading assembly at F:\SteamLibrary\steamapps\common\Kerbal Space Program\GameData\LunaMultiPlayer\Plugins\LunaUpdater.dll
[LOG 13:03:47.773] Load(Assembly): LunaMultiPlayer/Plugins/Mono.Data.Tds
[LOG 13:03:47.773] AssemblyLoader: Loading assembly at F:\SteamLibrary\steamapps\common\Kerbal Space Program\GameData\LunaMultiPlayer\Plugins\Mono.Data.Tds.dll
[LOG 13:03:47.774] Load(Assembly): LunaMultiPlayer/Plugins/System.Data
[LOG 13:03:47.774] AssemblyLoader: Loading assembly at F:\SteamLibrary\steamapps\common\Kerbal Space Program\GameData\LunaMultiPlayer\Plugins\System.Data.dll
[LOG 13:03:47.776] Load(Assembly): LunaMultiPlayer/Plugins/System.Runtime.Serialization
[LOG 13:03:47.776] AssemblyLoader: Loading assembly at F:\SteamLibrary\steamapps\common\Kerbal Space Program\GameData\LunaMultiPlayer\Plugins\System.Runtime.Serialization.dll
[LOG 13:03:47.777] Load(Assembly): LunaMultiPlayer/Plugins/System.Threading
[LOG 13:03:47.777] AssemblyLoader: Loading assembly at F:\SteamLibrary\steamapps\common\Kerbal Space Program\GameData\LunaMultiPlayer\Plugins\System.Threading.dll
[LOG 13:03:47.777] Load(Assembly): LunaMultiPlayer/Plugins/System.Transactions
[LOG 13:03:47.777] AssemblyLoader: Loading assembly at F:\SteamLibrary\steamapps\common\Kerbal Space Program\GameData\LunaMultiPlayer\Plugins\System.Transactions.dll
[LOG 13:03:47.778] Load(Assembly): MagiCore/MagiCore
[LOG 13:03:47.778] AssemblyLoader: Loading assembly at F:\SteamLibrary\steamapps\common\Kerbal Space Program\GameData\MagiCore\MagiCore.dll
[LOG 13:03:47.779] Load(Assembly): PreciseManeuver/PreciseManeuver
[LOG 13:03:47.779] AssemblyLoader: Loading assembly at F:\SteamLibrary\steamapps\common\Kerbal Space Program\GameData\PreciseManeuver\PreciseManeuver.dll
[LOG 13:03:47.779] AssemblyLoader: KSPAssembly 'PreciseManeuver' V2.4
[LOG 13:03:47.779] Load(Assembly): PreciseManeuver/PreciseManeuver.Unity
[LOG 13:03:47.779] AssemblyLoader: Loading assembly at F:\SteamLibrary\steamapps\common\Kerbal Space Program\GameData\PreciseManeuver\PreciseManeuver.Unity.dll
[LOG 13:03:47.780] Load(Assembly): SmokeScreen/SmokeScreen
[LOG 13:03:47.780] AssemblyLoader: Loading assembly at F:\SteamLibrary\steamapps\common\Kerbal Space Program\GameData\SmokeScreen\SmokeScreen.dll
[LOG 13:03:47.781] Load(Assembly): Squad/Plugins/KSPSteamCtrlr
[LOG 13:03:47.781] AssemblyLoader: Loading assembly at F:\SteamLibrary\steamapps\common\Kerbal Space Program\GameData\Squad\Plugins\KSPSteamCtrlr.dll
[LOG 13:03:47.781] Load(Assembly): Squad/Plugins/Steamworks.NET
[LOG 13:03:47.781] AssemblyLoader: Loading assembly at F:\SteamLibrary\steamapps\common\Kerbal Space Program\GameData\Squad\Plugins\Steamworks.NET.dll
[LOG 13:03:47.782] Load(Assembly): TweakScale/plugins/Scale
[LOG 13:03:47.782] AssemblyLoader: Loading assembly at F:\SteamLibrary\steamapps\common\Kerbal Space Program\GameData\TweakScale\plugins\Scale.dll
[LOG 13:03:47.783] Load(Assembly): TweakScale/plugins/Scale_Redist
[LOG 13:03:47.783] AssemblyLoader: Loading assembly at F:\SteamLibrary\steamapps\common\Kerbal Space Program\GameData\TweakScale\plugins\Scale_Redist.dll
[LOG 13:03:47.785] AssemblyLoader: Loading assemblies
[LOG 13:03:47.903] VesselModules: Found VesselModule of type CommNetVessel with order 999
[LOG 13:03:47.906] VesselModules: Found VesselModule of type FlightIntegrator with order 0
[LOG 13:03:47.908] VesselModules: Found 2 VesselModule types
[LOG 13:03:47.919] 
************************************************************************

Environment Info
Win32NT 7FFFFFFFFFFFFFFF  Args: KSP_x64.exe 

Mod DLLs found:
Stock assembly: Assembly-CSharp v0.0.0.0
ModuleManager v3.0.6.0
CCK v2.0.2.0 / v2.0.2.0 for KSP 1.3
HyperEdit v1.6.7.1
KAS v0.6.4.0 / v0.6.4 for KSP 1.4+
MiniAVC v1.0.3.1
KIS v1.10.6640.40620 / v1.10 for KSP 1.4
KSPDev_Utils.0.31 v0.31.6640.37756 / v0.31 for KSP v1.4
MiniAVC v1.0.3.0
DotNetZip v1.10.1.0 / v1.10.1.738cd3 / v1.10.1
FastMember v1.0.0.0
JsonFx v2.0.1209.2802
Lidgren.Network v0.3.27.41 / v0.3.27.41-Debug
LmpGlobal v0.3.27.41 / v0.3.27.41-Debug
LunaClient v0.3.27.41 / v0.3.27.41-Debug
LunaCommon v0.3.27.41 / v0.3.27.41-Debug
LunaUpdater v0.3.27.41 / v0.3.27.41-Debug
Mono.Data.Tds v2.0.5.0
System.Data v2.0.5.0 / v3.0.40818.0
System.Runtime.Serialization v3.0.0.0 / v3.0.4506.648
System.Threading v0.3.27.41
System.Transactions v2.0.5.0 / v3.0.40818.0
MagiCore v1.0.0.0 / v1.3.1.0
PreciseManeuver v2.4.1.0 / v / v2.4.1
PreciseManeuver.Unity v2.4.0.0
SmokeScreen v2.8.0.0
Stock assembly: KSPSteamCtrlr v0.0.1.35
Stock assembly: Steamworks.NET v9.0.0.0 / v9.0.0
Scale v2.3.9.0
Scale_Redist v1.0.0.0

Folders and files in GameData:
CommunityCategoryKit
HyperEdit
KAS
KIS
LunaMultiPlayer
MagiCore
PreciseManeuver
SmokeScreen
Stock folder: Squad

Stock folder: SquadExpansion

TweakScale
MechJebAndEngineerForAll.cfg
ModuleManager.3.0.6.dll
ModuleManager.ConfigCache
ModuleManager.ConfigSHA
ModuleManager.Physics
ModuleManager.TechTree

************************************************************************

[LOG 13:03:47.928] [AddonLoader]: Instantiating addon 'ModuleManager' from assembly 'ModuleManager'
[LOG 13:03:47.944] [ModuleManager] Adding ModuleManager to the loading screen 4
[LOG 13:03:47.945] [AddonLoader]: Instantiating addon 'Logger' from assembly 'MiniAVC'
[LOG 13:03:47.947] [AddonLoader]: Instantiating addon 'Starter' from assembly 'MiniAVC'
[LOG 13:03:47.949] [AddonLoader]: Instantiating addon 'KISAddonCursor' from assembly 'KIS'
[LOG 13:03:47.950] [AddonLoader]: Instantiating addon 'KISAddonConfig' from assembly 'KIS'
[LOG 13:03:47.952] [AddonLoader]: Instantiating addon 'LibraryLoader' from assembly 'KSPDev_Utils.0.31'
[LOG 13:03:47.956] Loading KSPDevUtils: KIS/Plugins/KSPDev_Utils.0.31.dll (v0.31.6640.37756)
[LOG 13:03:47.958] [AddonLoader]: Instantiating addon 'Logger' from assembly 'MiniAVC'
[LOG 13:03:47.959] [AddonLoader]: Instantiating addon 'Starter' from assembly 'MiniAVC'
[LOG 13:03:47.960] [AddonLoader]: Instantiating addon 'MainSystem' from assembly 'LunaClient'
[LOG 13:03:47.961] [LMP]: KSP installed at: F:/SteamLibrary/steamapps/common/Kerbal Space Program/KSP_x64_Data/../
[LOG 13:03:47.961] [LMP]: LMP installed at: F:\LunaMultiplayerUpdater\Manager\bin\Debug\netcoreapp2.0
[LOG 13:03:47.970] [LMP]: Debug port: 
[LOG 13:03:48.216] [LMP]: Luna Multiplayer 0.3.27 initialized!
[LOG 13:03:48.283] [AddonLoader]: Instantiating addon 'CompatibilityChecker' from assembly 'LunaClient'
[LOG 13:03:48.284] [AddonLoader]: Instantiating addon 'InstallChecker' from assembly 'LunaClient'
[LOG 13:03:48.286] [LMP]: [InstallChecker] Running checker from 'LunaClient'
[LOG 13:03:48.286] [AddonLoader]: Instantiating addon 'EventBehaviour' from assembly 'MagiCore'
[LOG 13:03:48.287] [AddonLoader]: Instantiating addon 'CompatibilityChecker' from assembly 'PreciseManeuver'
[LOG 13:03:48.288] [AddonLoader]: Instantiating addon 'PersistentEmitterManager' from assembly 'SmokeScreen'
[LOG 13:03:48.290] [AddonLoader]: Instantiating addon 'KSPSteamController' from assembly 'KSPSteamCtrlr'
[ERR 13:03:48.401] <color=orange><b>[KSPSteamController]:</b> Failed to initialize Steam API!</color>

[LOG 13:03:48.420] [AddonLoader]: Instantiating addon 'CompatibilityChecker' from assembly 'Scale'
[LOG 13:03:48.421] [AddonLoader]: Instantiating addon 'TweakScaleRegister' from assembly 'Scale'
[WRN 13:03:48.989] Cannot create config from file 'F:\SteamLibrary\steamapps\common\Kerbal Space Program\GameData\TweakScale\Examples.cfg'.
[LOG 13:03:49.450] Load(Audio): KAS/Sounds/bipwrong
[LOG 13:03:49.621] [LMP]: Loaded 72 modules and a total of 72 fields
[LOG 13:03:49.623] ADDON BINDER: Create binding redirect: System.Runtime.Serialization, Version=2.0.0.0, Culture=neutral, PublicKeyToken=b77a5c561934e089 => System.Runtime.Serialization, Version=3.0.0.0, Culture=neutral, PublicKeyToken=b77a5c561934e089
[LOG 13:03:50.101] [CompatibilityChecker] Running checker version 5 from 'PreciseManeuver'
[LOG 13:03:50.147] [LMP]: [Lidgen DEBUG] Socket bound to 0.0.0.0:64543: True
[LOG 13:03:50.148] [LMP]: [Lidgen DEBUG] Network thread started
[LOG 13:03:50.167] MiniAVC -> Executing: MiniAVC - 1.0.3.1
[LOG 13:03:50.167] MiniAVC -> Assembly: F:\SteamLibrary\steamapps\common\Kerbal Space Program\GameData\KAS\Plugins\MiniAVC.dll
[LOG 13:03:50.167] MiniAVC -> Starter was created.
[LOG 13:03:50.172] MiniAVC -> Executing: MiniAVC - 1.0.3.0
[LOG 13:03:50.172] MiniAVC -> Assembly: F:\SteamLibrary\steamapps\common\Kerbal Space Program\GameData\KIS\Plugins\MiniAVC.dll
[LOG 13:03:50.172] MiniAVC -> Starter was created.
[LOG 13:03:50.172] MiniAVC -> System.IO.IOException: Sharing violation on path F:\SteamLibrary\steamapps\common\Kerbal Space Program\GameData\KAS\Plugins\MiniAVC.xml
  at System.IO.FileStream..ctor (System.String path, FileMode mode, FileAccess access, FileShare share, Int32 bufferSize, Boolean anonymous, FileOptions options) [0x00000] in <filename unknown>:0 
  at System.IO.FileStream..ctor (System.String path, FileMode mode) [0x00000] in <filename unknown>:0 
  at MiniAVC.AddonSettings.Load (System.String rootPath) [0x00000] in <filename unknown>:0 
  at MiniAVC.AddonLibrary.ProcessAddonPopulation (System.Object state) [0x00000] in <filename unknown>:0 
[LOG 13:03:51.355] [LMP]: [Lidgen DEBUG] Socket bound to 0.0.0.0:51875: True
[LOG 13:03:51.355] [LMP]: [Lidgen DEBUG] Network thread started
[LOG 13:03:52.420] [LMP]: [Lidgen DEBUG] Socket bound to 0.0.0.0:51876: True
[LOG 13:03:52.420] [LMP]: [Lidgen DEBUG] Network thread started
[LOG 13:03:52.421] MiniAVC -> Identical remote version found: Using remote version information only.
[LOG 13:03:52.421] MiniAVC -> https://raw.githubusercontent.com/ihsoft/KIS/master/KIS.version
	NAME: Kerbal Inventory System
	URL: https://raw.githubusercontent.com/ihsoft/KIS/master/KIS.version
	DOWNLOAD: http://forum.kerbalspaceprogram.com/index.php?/topic/149848-12-kerbal-inventory-system-kis-v131/
	GITHUB: NULL
	VERSION: 1.10.6640.40620
	KSP_VERSION: 1.4
	KSP_VERSION_MIN: 1.4
	KSP_VERSION_MAX: 1.4.99
	CompatibleKspVersion: False
	CompatibleKspVersionMin: True
	CompatibleKspVersionMax: True
	CompatibleGitHubVersion: True
[LOG 13:03:52.421] MiniAVC -> Identical remote version found: Using remote version information only.
[LOG 13:03:52.421] MiniAVC -> https://raw.githubusercontent.com/ihsoft/KAS/master/kas.version
	NAME: Kerbal Attachment System
	URL: https://raw.githubusercontent.com/ihsoft/KAS/master/kas.version
	DOWNLOAD: http://forum.kerbalspaceprogram.com/threads/92514
	GITHUB: ihsoft/KAS
		LatestRelease: 0.6.4
		AllowPreRelease: False
	VERSION: 0.6.4
	KSP_VERSION: 1.4
	KSP_VERSION_MIN: 1.4
	KSP_VERSION_MAX: 1.4.99
	CompatibleKspVersion: False
	CompatibleKspVersionMin: True
	CompatibleKspVersionMax: True
	CompatibleGitHubVersion: True
[LOG 13:03:52.427] MiniAVC -> Starter was destroyed.
