Executing: MiniAVC - 1.0.3.1
Assembly: F:\SteamLibrary\steamapps\common\Kerbal Space Program\GameData\KAS\Plugins\MiniAVC.dll

[Log 13:03:47.9493534]: Starter was created.
Executing: MiniAVC - 1.0.3.0
Assembly: F:\SteamLibrary\steamapps\common\Kerbal Space Program\GameData\KIS\Plugins\MiniAVC.dll

[Log 13:03:47.9598617]: Starter was created.
[Exception 13:03:50.1481009]: System.IO.IOException: Sharing violation on path F:\SteamLibrary\steamapps\common\Kerbal Space Program\GameData\KAS\Plugins\MiniAVC.xml
  at System.IO.FileStream..ctor (System.String path, FileMode mode, FileAccess access, FileShare share, Int32 bufferSize, Boolean anonymous, FileOptions options) [0x00000] in <filename unknown>:0 
  at System.IO.FileStream..ctor (System.String path, FileMode mode) [0x00000] in <filename unknown>:0 
  at MiniAVC.AddonSettings.Load (System.String rootPath) [0x00000] in <filename unknown>:0 
  at MiniAVC.AddonLibrary.ProcessAddonPopulation (System.Object state) [0x00000] in <filename unknown>:0 

[Log 13:03:50.3572484]: Identical remote version found: Using remote version information only.
[Log 13:03:50.3577502]: https://raw.githubusercontent.com/ihsoft/KIS/master/KIS.version
	NAME: Kerbal Inventory System
	URL: https://raw.githubusercontent.com/ihsoft/KIS/master/KIS.version
	DOWNLOAD: http://forum.kerbalspaceprogram.com/index.php?/topic/149848-12-kerbal-inventory-system-kis-v131/
	GITHUB: NULL
	VERSION: 1.10.6640.40620
	KSP_VERSION: 1.4
	KSP_VERSION_MIN: 1.4
	KSP_VERSION_MAX: 1.4.99
	CompatibleKspVersion: False
	CompatibleKspVersionMin: True
	CompatibleKspVersionMax: True
	CompatibleGitHubVersion: True

[Log 13:03:51.0652438]: Identical remote version found: Using remote version information only.
[Log 13:03:51.0652438]: https://raw.githubusercontent.com/ihsoft/KAS/master/kas.version
	NAME: Kerbal Attachment System
	URL: https://raw.githubusercontent.com/ihsoft/KAS/master/kas.version
	DOWNLOAD: http://forum.kerbalspaceprogram.com/threads/92514
	GITHUB: ihsoft/KAS
		LatestRelease: 0.6.4
		AllowPreRelease: False
	VERSION: 0.6.4
	KSP_VERSION: 1.4
	KSP_VERSION_MIN: 1.4
	KSP_VERSION_MAX: 1.4.99
	CompatibleKspVersion: False
	CompatibleKspVersionMin: True
	CompatibleKspVersionMax: True
	CompatibleGitHubVersion: True

[Log 13:03:52.4208321]: Starter was destroyed.
[Log 13:03:52.4428465]: Starter was destroyed.
